2016-12-23 17:52:58,204 ERROR [main] - Statistics - Statistics file `C:\Users\Chaman Bharti\.scalaide\statistics` is corrupted. A new one is being created. Corrupted content was:

com.cedarsoftware.util.io.JsonIoException: error parsing JSON value
	at com.cedarsoftware.util.io.JsonReader.readObject(JsonReader.java:529)
	at com.cedarsoftware.util.io.JsonReader.jsonToJava(JsonReader.java:289)
	at com.cedarsoftware.util.io.JsonReader.jsonToJava(JsonReader.java:262)
	at org.scalaide.core.internal.statistics.Statistics.org$scalaide$core$internal$statistics$Statistics$$read(Statistics.scala:74)
	at org.scalaide.core.internal.statistics.Statistics$$anonfun$readStats$1.apply(Statistics.scala:52)
	at org.scalaide.core.internal.statistics.Statistics$$anonfun$readStats$1.apply(Statistics.scala:51)
	at org.scalaide.core.ScalaIdeDataStore$$anonfun$validate$2.apply(ScalaIdeDataStore.scala:59)
	at org.scalaide.util.eclipse.EclipseUtils$$anon$3.run(EclipseUtils.scala:214)
	at org.eclipse.core.runtime.SafeRunner.run(SafeRunner.java:42)
	at org.scalaide.util.eclipse.EclipseUtils$.withSafeRunner(EclipseUtils.scala:210)
	at org.scalaide.core.ScalaIdeDataStore$.validate(ScalaIdeDataStore.scala:58)
	at org.scalaide.core.internal.statistics.Statistics.readStats(Statistics.scala:51)
	at org.scalaide.core.internal.statistics.Statistics.<init>(Statistics.scala:30)
	at org.scalaide.core.internal.ScalaPlugin.stats$lzycompute(ScalaPlugin.scala:135)
	at org.scalaide.core.internal.ScalaPlugin.stats(ScalaPlugin.scala:135)
	at org.scalaide.core.internal.ScalaPlugin.statistics(ScalaPlugin.scala:138)
	at org.scalaide.core.internal.ScalaPlugin.start(ScalaPlugin.scala:109)
	at org.eclipse.osgi.internal.framework.BundleContextImpl$3.run(BundleContextImpl.java:774)
	at org.eclipse.osgi.internal.framework.BundleContextImpl$3.run(BundleContextImpl.java:1)
	at java.security.AccessController.doPrivileged(Native Method)
	at org.eclipse.osgi.internal.framework.BundleContextImpl.startActivator(BundleContextImpl.java:767)
	at org.eclipse.osgi.internal.framework.BundleContextImpl.start(BundleContextImpl.java:724)
	at org.eclipse.osgi.internal.framework.EquinoxBundle.startWorker0(EquinoxBundle.java:932)
	at org.eclipse.osgi.internal.framework.EquinoxBundle$EquinoxModule.startWorker(EquinoxBundle.java:309)
	at org.eclipse.osgi.container.Module.doStart(Module.java:581)
	at org.eclipse.osgi.container.Module.start(Module.java:449)
	at org.eclipse.osgi.framework.util.SecureAction.start(SecureAction.java:470)
	at org.eclipse.osgi.internal.hooks.EclipseLazyStarter.postFindLocalClass(EclipseLazyStarter.java:107)
	at org.eclipse.osgi.internal.loader.classpath.ClasspathManager.findLocalClass(ClasspathManager.java:529)
	at org.eclipse.osgi.internal.loader.ModuleClassLoader.findLocalClass(ModuleClassLoader.java:325)
	at org.eclipse.osgi.internal.loader.BundleLoader.findLocalClass(BundleLoader.java:345)
	at org.eclipse.osgi.internal.loader.BundleLoader.findClassInternal(BundleLoader.java:423)
	at org.eclipse.osgi.internal.loader.BundleLoader.findClass(BundleLoader.java:372)
	at org.eclipse.osgi.internal.loader.BundleLoader.findClass(BundleLoader.java:364)
	at org.eclipse.osgi.internal.loader.ModuleClassLoader.loadClass(ModuleClassLoader.java:161)
	at java.lang.ClassLoader.loadClass(Unknown Source)
	at org.eclipse.osgi.internal.framework.EquinoxBundle.loadClass(EquinoxBundle.java:564)
	at org.eclipse.core.internal.registry.osgi.RegistryStrategyOSGI.createExecutableExtension(RegistryStrategyOSGI.java:174)
	at org.eclipse.core.internal.registry.ExtensionRegistry.createExecutableExtension(ExtensionRegistry.java:905)
	at org.eclipse.core.internal.registry.ConfigurationElement.createExecutableExtension(ConfigurationElement.java:243)
	at org.eclipse.core.internal.registry.ConfigurationElementHandle.createExecutableExtension(ConfigurationElementHandle.java:55)
	at org.eclipse.jdt.internal.ui.filters.FilterDescriptor$1.run(FilterDescriptor.java:135)
	at org.eclipse.core.runtime.SafeRunner.run(SafeRunner.java:42)
	at org.eclipse.jdt.internal.ui.filters.FilterDescriptor.createViewerFilter(FilterDescriptor.java:139)
	at org.eclipse.jdt.ui.actions.CustomFiltersActionGroup$FilterItem.getFilterInstance(CustomFiltersActionGroup.java:187)
	at org.eclipse.jdt.ui.actions.CustomFiltersActionGroup.updateViewerFilters(CustomFiltersActionGroup.java:517)
	at org.eclipse.jdt.ui.actions.CustomFiltersActionGroup.<init>(CustomFiltersActionGroup.java:275)
	at org.eclipse.jdt.ui.actions.CustomFiltersActionGroup.<init>(CustomFiltersActionGroup.java:241)
	at org.eclipse.jdt.internal.ui.packageview.PackageExplorerActionGroup.<init>(PackageExplorerActionGroup.java:149)
	at org.eclipse.jdt.internal.ui.packageview.PackageExplorerPart.makeActions(PackageExplorerPart.java:800)
	at org.eclipse.jdt.internal.ui.packageview.PackageExplorerPart.createPartControl(PackageExplorerPart.java:506)
	at org.eclipse.ui.internal.e4.compatibility.CompatibilityPart.createPartControl(CompatibilityPart.java:150)
	at org.eclipse.ui.internal.e4.compatibility.CompatibilityView.createPartControl(CompatibilityView.java:143)
	at org.eclipse.ui.internal.e4.compatibility.CompatibilityPart.create(CompatibilityPart.java:340)
	at sun.reflect.NativeMethodAccessorImpl.invoke0(Native Method)
	at sun.reflect.NativeMethodAccessorImpl.invoke(Unknown Source)
	at sun.reflect.DelegatingMethodAccessorImpl.invoke(Unknown Source)
	at java.lang.reflect.Method.invoke(Unknown Source)
	at org.eclipse.e4.core.internal.di.MethodRequestor.execute(MethodRequestor.java:55)
	at org.eclipse.e4.core.internal.di.InjectorImpl.processAnnotated(InjectorImpl.java:966)
	at org.eclipse.e4.core.internal.di.InjectorImpl.processAnnotated(InjectorImpl.java:931)
	at org.eclipse.e4.core.internal.di.InjectorImpl.inject(InjectorImpl.java:151)
	at org.eclipse.e4.core.internal.di.InjectorImpl.internalMake(InjectorImpl.java:375)
	at org.eclipse.e4.core.internal.di.InjectorImpl.make(InjectorImpl.java:294)
	at org.eclipse.e4.core.contexts.ContextInjectionFactory.make(ContextInjectionFactory.java:162)
	at org.eclipse.e4.ui.internal.workbench.ReflectionContributionFactory.createFromBundle(ReflectionContributionFactory.java:105)
	at org.eclipse.e4.ui.internal.workbench.ReflectionContributionFactory.doCreate(ReflectionContributionFactory.java:74)
	at org.eclipse.e4.ui.internal.workbench.ReflectionContributionFactory.create(ReflectionContributionFactory.java:56)
	at org.eclipse.e4.ui.workbench.renderers.swt.ContributedPartRenderer.createWidget(ContributedPartRenderer.java:129)
	at org.eclipse.e4.ui.internal.workbench.swt.PartRenderingEngine.createWidget(PartRenderingEngine.java:975)
	at org.eclipse.e4.ui.internal.workbench.swt.PartRenderingEngine.safeCreateGui(PartRenderingEngine.java:651)
	at org.eclipse.e4.ui.internal.workbench.swt.PartRenderingEngine$1.run(PartRenderingEngine.java:536)
	at org.eclipse.core.runtime.SafeRunner.run(SafeRunner.java:42)
	at org.eclipse.e4.ui.internal.workbench.swt.PartRenderingEngine.createGui(PartRenderingEngine.java:520)
	at org.eclipse.e4.ui.workbench.renderers.swt.ElementReferenceRenderer.createWidget(ElementReferenceRenderer.java:70)
	at org.eclipse.e4.ui.internal.workbench.swt.PartRenderingEngine.createWidget(PartRenderingEngine.java:975)
	at org.eclipse.e4.ui.internal.workbench.swt.PartRenderingEngine.safeCreateGui(PartRenderingEngine.java:651)
	at org.eclipse.e4.ui.internal.workbench.swt.PartRenderingEngine.safeCreateGui(PartRenderingEngine.java:757)
	at org.eclipse.e4.ui.internal.workbench.swt.PartRenderingEngine.access$0(PartRenderingEngine.java:728)
	at org.eclipse.e4.ui.internal.workbench.swt.PartRenderingEngine$2.run(PartRenderingEngine.java:722)
	at org.eclipse.core.runtime.SafeRunner.run(SafeRunner.java:42)
	at org.eclipse.e4.ui.internal.workbench.swt.PartRenderingEngine.createGui(PartRenderingEngine.java:706)
	at org.eclipse.e4.ui.internal.workbench.PartServiceImpl$1.handleEvent(PartServiceImpl.java:109)
	at org.eclipse.e4.ui.services.internal.events.UIEventHandler$1.run(UIEventHandler.java:40)
	at org.eclipse.swt.widgets.Synchronizer.syncExec(Synchronizer.java:233)
	at org.eclipse.ui.internal.UISynchronizer.syncExec(UISynchronizer.java:145)
	at org.eclipse.swt.widgets.Display.syncExec(Display.java:4813)
	at org.eclipse.e4.ui.internal.workbench.swt.E4Application$1.syncExec(E4Application.java:211)
	at org.eclipse.e4.ui.services.internal.events.UIEventHandler.handleEvent(UIEventHandler.java:36)
	at org.eclipse.equinox.internal.event.EventHandlerWrapper.handleEvent(EventHandlerWrapper.java:201)
	at org.eclipse.equinox.internal.event.EventHandlerTracker.dispatchEvent(EventHandlerTracker.java:197)
	at org.eclipse.equinox.internal.event.EventHandlerTracker.dispatchEvent(EventHandlerTracker.java:1)
	at org.eclipse.osgi.framework.eventmgr.EventManager.dispatchEvent(EventManager.java:230)
	at org.eclipse.osgi.framework.eventmgr.ListenerQueue.dispatchEventSynchronous(ListenerQueue.java:148)
	at org.eclipse.equinox.internal.event.EventAdminImpl.dispatchEvent(EventAdminImpl.java:135)
	at org.eclipse.equinox.internal.event.EventAdminImpl.sendEvent(EventAdminImpl.java:78)
	at org.eclipse.equinox.internal.event.EventComponent.sendEvent(EventComponent.java:39)
	at org.eclipse.e4.ui.services.internal.events.EventBroker.send(EventBroker.java:94)
	at org.eclipse.e4.ui.internal.workbench.UIEventPublisher.notifyChanged(UIEventPublisher.java:60)
	at org.eclipse.emf.common.notify.impl.BasicNotifierImpl.eNotify(BasicNotifierImpl.java:374)
	at org.eclipse.e4.ui.model.application.ui.impl.ElementContainerImpl.setSelectedElement(ElementContainerImpl.java:173)
	at org.eclipse.e4.ui.workbench.renderers.swt.LazyStackRenderer.postProcess(LazyStackRenderer.java:108)
	at org.eclipse.e4.ui.internal.workbench.swt.PartRenderingEngine.safeCreateGui(PartRenderingEngine.java:669)
	at org.eclipse.e4.ui.internal.workbench.swt.PartRenderingEngine.safeCreateGui(PartRenderingEngine.java:757)
	at org.eclipse.e4.ui.internal.workbench.swt.PartRenderingEngine.access$0(PartRenderingEngine.java:728)
	at org.eclipse.e4.ui.internal.workbench.swt.PartRenderingEngine$2.run(PartRenderingEngine.java:722)
	at org.eclipse.core.runtime.SafeRunner.run(SafeRunner.java:42)
	at org.eclipse.e4.ui.internal.workbench.swt.PartRenderingEngine.createGui(PartRenderingEngine.java:706)
	at org.eclipse.e4.ui.workbench.renderers.swt.SWTPartRenderer.processContents(SWTPartRenderer.java:70)
	at org.eclipse.e4.ui.workbench.renderers.swt.SashRenderer.processContents(SashRenderer.java:142)
	at org.eclipse.e4.ui.internal.workbench.swt.PartRenderingEngine.safeCreateGui(PartRenderingEngine.java:665)
	at org.eclipse.e4.ui.internal.workbench.swt.PartRenderingEngine.safeCreateGui(PartRenderingEngine.java:757)
	at org.eclipse.e4.ui.internal.workbench.swt.PartRenderingEngine.access$0(PartRenderingEngine.java:728)
	at org.eclipse.e4.ui.internal.workbench.swt.PartRenderingEngine$2.run(PartRenderingEngine.java:722)
	at org.eclipse.core.runtime.SafeRunner.run(SafeRunner.java:42)
	at org.eclipse.e4.ui.internal.workbench.swt.PartRenderingEngine.createGui(PartRenderingEngine.java:706)
	at org.eclipse.e4.ui.workbench.renderers.swt.SWTPartRenderer.processContents(SWTPartRenderer.java:70)
	at org.eclipse.e4.ui.workbench.renderers.swt.SashRenderer.processContents(SashRenderer.java:142)
	at org.eclipse.e4.ui.internal.workbench.swt.PartRenderingEngine.safeCreateGui(PartRenderingEngine.java:665)
	at org.eclipse.e4.ui.internal.workbench.swt.PartRenderingEngine.safeCreateGui(PartRenderingEngine.java:757)
	at org.eclipse.e4.ui.internal.workbench.swt.PartRenderingEngine.access$0(PartRenderingEngine.java:728)
	at org.eclipse.e4.ui.internal.workbench.swt.PartRenderingEngine$2.run(PartRenderingEngine.java:722)
	at org.eclipse.core.runtime.SafeRunner.run(SafeRunner.java:42)
	at org.eclipse.e4.ui.internal.workbench.swt.PartRenderingEngine.createGui(PartRenderingEngine.java:706)
	at org.eclipse.e4.ui.workbench.renderers.swt.SWTPartRenderer.processContents(SWTPartRenderer.java:70)
	at org.eclipse.e4.ui.workbench.renderers.swt.PerspectiveRenderer.processContents(PerspectiveRenderer.java:49)
	at org.eclipse.e4.ui.internal.workbench.swt.PartRenderingEngine.safeCreateGui(PartRenderingEngine.java:665)
	at org.eclipse.e4.ui.internal.workbench.swt.PartRenderingEngine.safeCreateGui(PartRenderingEngine.java:757)
	at org.eclipse.e4.ui.internal.workbench.swt.PartRenderingEngine.access$0(PartRenderingEngine.java:728)
	at org.eclipse.e4.ui.internal.workbench.swt.PartRenderingEngine$2.run(PartRenderingEngine.java:722)
	at org.eclipse.core.runtime.SafeRunner.run(SafeRunner.java:42)
	at org.eclipse.e4.ui.internal.workbench.swt.PartRenderingEngine.createGui(PartRenderingEngine.java:706)
	at org.eclipse.e4.ui.workbench.renderers.swt.PerspectiveStackRenderer.showTab(PerspectiveStackRenderer.java:82)
	at org.eclipse.e4.ui.workbench.renderers.swt.LazyStackRenderer$1.handleEvent(LazyStackRenderer.java:72)
	at org.eclipse.e4.ui.services.internal.events.UIEventHandler$1.run(UIEventHandler.java:40)
	at org.eclipse.swt.widgets.Synchronizer.syncExec(Synchronizer.java:233)
	at org.eclipse.ui.internal.UISynchronizer.syncExec(UISynchronizer.java:145)
	at org.eclipse.swt.widgets.Display.syncExec(Display.java:4813)
	at org.eclipse.e4.ui.internal.workbench.swt.E4Application$1.syncExec(E4Application.java:211)
	at org.eclipse.e4.ui.services.internal.events.UIEventHandler.handleEvent(UIEventHandler.java:36)
	at org.eclipse.equinox.internal.event.EventHandlerWrapper.handleEvent(EventHandlerWrapper.java:201)
	at org.eclipse.equinox.internal.event.EventHandlerTracker.dispatchEvent(EventHandlerTracker.java:197)
	at org.eclipse.equinox.internal.event.EventHandlerTracker.dispatchEvent(EventHandlerTracker.java:1)
	at org.eclipse.osgi.framework.eventmgr.EventManager.dispatchEvent(EventManager.java:230)
	at org.eclipse.osgi.framework.eventmgr.ListenerQueue.dispatchEventSynchronous(ListenerQueue.java:148)
	at org.eclipse.equinox.internal.event.EventAdminImpl.dispatchEvent(EventAdminImpl.java:135)
	at org.eclipse.equinox.internal.event.EventAdminImpl.sendEvent(EventAdminImpl.java:78)
	at org.eclipse.equinox.internal.event.EventComponent.sendEvent(EventComponent.java:39)
	at org.eclipse.e4.ui.services.internal.events.EventBroker.send(EventBroker.java:94)
	at org.eclipse.e4.ui.internal.workbench.UIEventPublisher.notifyChanged(UIEventPublisher.java:60)
	at org.eclipse.emf.common.notify.impl.BasicNotifierImpl.eNotify(BasicNotifierImpl.java:374)
	at org.eclipse.e4.ui.model.application.ui.advanced.impl.PerspectiveStackImpl.setSelectedElement(PerspectiveStackImpl.java:135)
	at org.eclipse.e4.ui.model.application.ui.advanced.impl.PerspectiveStackImpl.setSelectedElement(PerspectiveStackImpl.java:1)
	at org.eclipse.ui.internal.WorkbenchPage.setPerspective(WorkbenchPage.java:4091)
	at org.eclipse.ui.internal.WorkbenchWindow.setup(WorkbenchWindow.java:738)
	at sun.reflect.NativeMethodAccessorImpl.invoke0(Native Method)
	at sun.reflect.NativeMethodAccessorImpl.invoke(Unknown Source)
	at sun.reflect.DelegatingMethodAccessorImpl.invoke(Unknown Source)
	at java.lang.reflect.Method.invoke(Unknown Source)
	at org.eclipse.e4.core.internal.di.MethodRequestor.execute(MethodRequestor.java:55)
	at org.eclipse.e4.core.internal.di.InjectorImpl.processAnnotated(InjectorImpl.java:966)
	at org.eclipse.e4.core.internal.di.InjectorImpl.inject(InjectorImpl.java:151)
	at org.eclipse.e4.core.internal.di.InjectorImpl.inject(InjectorImpl.java:118)
	at org.eclipse.e4.core.contexts.ContextInjectionFactory.inject(ContextInjectionFactory.java:73)
	at org.eclipse.ui.internal.Workbench.createWorkbenchWindow(Workbench.java:1525)
	at org.eclipse.ui.internal.Workbench.getActiveWorkbenchWindow(Workbench.java:1499)
	at org.eclipse.ui.internal.services.WorkbenchSourceProvider.updateActiveShell(WorkbenchSourceProvider.java:923)
	at org.eclipse.ui.internal.services.WorkbenchSourceProvider.getCurrentState(WorkbenchSourceProvider.java:117)
	at org.eclipse.ui.internal.services.WorkbenchSourceProvider$6.handleEvent(WorkbenchSourceProvider.java:683)
	at org.eclipse.swt.widgets.EventTable.sendEvent(EventTable.java:84)
	at org.eclipse.swt.widgets.Display.filterEvent(Display.java:1270)
	at org.eclipse.swt.widgets.Widget.sendEvent(Widget.java:1078)
	at org.eclipse.swt.widgets.Widget.sendEvent(Widget.java:1103)
	at org.eclipse.swt.widgets.Widget.sendEvent(Widget.java:1088)
	at org.eclipse.swt.widgets.Decorations.WM_ACTIVATE(Decorations.java:1697)
	at org.eclipse.swt.widgets.Shell.WM_ACTIVATE(Shell.java:2277)
	at org.eclipse.swt.widgets.Control.windowProc(Control.java:4788)
	at org.eclipse.swt.widgets.Canvas.windowProc(Canvas.java:359)
	at org.eclipse.swt.widgets.Decorations.windowProc(Decorations.java:1656)
	at org.eclipse.swt.widgets.Shell.windowProc(Shell.java:2199)
	at org.eclipse.swt.widgets.Display.windowProc(Display.java:5102)
	at org.eclipse.swt.internal.win32.OS.BringWindowToTop(Native Method)
	at org.eclipse.swt.widgets.Decorations.bringToTop(Decorations.java:231)
	at org.eclipse.swt.widgets.Shell.open(Shell.java:1270)
	at org.eclipse.e4.ui.workbench.renderers.swt.WBWRenderer.postProcess(WBWRenderer.java:805)
	at org.eclipse.e4.ui.internal.workbench.swt.PartRenderingEngine.safeCreateGui(PartRenderingEngine.java:669)
	at org.eclipse.e4.ui.internal.workbench.swt.PartRenderingEngine.safeCreateGui(PartRenderingEngine.java:757)
	at org.eclipse.e4.ui.internal.workbench.swt.PartRenderingEngine.access$0(PartRenderingEngine.java:728)
	at org.eclipse.e4.ui.internal.workbench.swt.PartRenderingEngine$2.run(PartRenderingEngine.java:722)
	at org.eclipse.core.runtime.SafeRunner.run(SafeRunner.java:42)
	at org.eclipse.e4.ui.internal.workbench.swt.PartRenderingEngine.createGui(PartRenderingEngine.java:706)
	at org.eclipse.e4.ui.internal.workbench.swt.PartRenderingEngine$4.run(PartRenderingEngine.java:1059)
	at org.eclipse.core.databinding.observable.Realm.runWithDefault(Realm.java:336)
	at org.eclipse.e4.ui.internal.workbench.swt.PartRenderingEngine.run(PartRenderingEngine.java:1022)
	at org.eclipse.e4.ui.internal.workbench.E4Workbench.createAndRunUI(E4Workbench.java:150)
	at org.eclipse.ui.internal.Workbench$5.run(Workbench.java:687)
	at org.eclipse.core.databinding.observable.Realm.runWithDefault(Realm.java:336)
	at org.eclipse.ui.internal.Workbench.createAndRunWorkbench(Workbench.java:604)
	at org.eclipse.ui.PlatformUI.createAndRunWorkbench(PlatformUI.java:148)
	at org.eclipse.ui.internal.ide.application.IDEApplication.start(IDEApplication.java:138)
	at org.eclipse.equinox.internal.app.EclipseAppHandle.run(EclipseAppHandle.java:196)
	at org.eclipse.core.runtime.internal.adaptor.EclipseAppLauncher.runApplication(EclipseAppLauncher.java:134)
	at org.eclipse.core.runtime.internal.adaptor.EclipseAppLauncher.start(EclipseAppLauncher.java:104)
	at org.eclipse.core.runtime.adaptor.EclipseStarter.run(EclipseStarter.java:388)
	at org.eclipse.core.runtime.adaptor.EclipseStarter.run(EclipseStarter.java:243)
	at sun.reflect.NativeMethodAccessorImpl.invoke0(Native Method)
	at sun.reflect.NativeMethodAccessorImpl.invoke(Unknown Source)
	at sun.reflect.DelegatingMethodAccessorImpl.invoke(Unknown Source)
	at java.lang.reflect.Method.invoke(Unknown Source)
	at org.eclipse.equinox.launcher.Main.invokeFramework(Main.java:673)
	at org.eclipse.equinox.launcher.Main.basicRun(Main.java:610)
	at org.eclipse.equinox.launcher.Main.run(Main.java:1519)
Caused by: com.cedarsoftware.util.io.JsonIoException: EOF reached prematurely
	at com.cedarsoftware.util.io.JsonParser.error(JsonParser.java:584)
	at com.cedarsoftware.util.io.JsonParser.readValue(JsonParser.java:278)
	at com.cedarsoftware.util.io.JsonReader.readObject(JsonReader.java:521)
	... 211 more
2016-12-23 17:53:21,490 ERROR [Worker-4] - System.err - log4j:WARN No appenders could be found for logger (org.springsource.ide.eclipse.commons.core.templates.TemplateProcessor).
2016-12-23 17:53:21,493 ERROR [Worker-4] - System.err - log4j:WARN Please initialize the log4j system properly.
2016-12-24 00:06:00,773 ERROR [JavaFX Application Thread] - System.err - org.eclipse.swt.SWTException: Graphic is disposed
2016-12-24 00:06:00,782 ERROR [JavaFX Application Thread] - System.err - at org.eclipse.swt.SWT.error(SWT.java:4533)
2016-12-24 00:06:00,782 ERROR [JavaFX Application Thread] - System.err - at org.eclipse.swt.SWT.error(SWT.java:4448)
2016-12-24 00:06:00,782 ERROR [JavaFX Application Thread] - System.err - at org.eclipse.swt.SWT.error(SWT.java:4419)
2016-12-24 00:06:00,783 ERROR [JavaFX Application Thread] - System.err - at org.eclipse.swt.graphics.Font.getFontData(Font.java:192)
2016-12-24 00:06:00,783 ERROR [JavaFX Application Thread] - System.err - at org.eclipse.e4.ui.css.swt.helpers.CSSSWTFontHelper.getFirstFontData(CSSSWTFontHelper.java:454)
2016-12-24 00:06:00,783 ERROR [JavaFX Application Thread] - System.err - at org.eclipse.e4.ui.css.swt.properties.converters.CSSValueSWTFontDataConverterImpl.convert(CSSValueSWTFontDataConverterImpl.java:59)
2016-12-24 00:06:00,783 ERROR [JavaFX Application Thread] - System.err - at org.eclipse.e4.ui.css.swt.properties.converters.CSSValueSWTFontConverterImpl.convert(CSSValueSWTFontConverterImpl.java:34)
2016-12-24 00:06:00,784 ERROR [JavaFX Application Thread] - System.err - at org.eclipse.e4.ui.css.core.impl.engine.AbstractCSSEngine.convert(AbstractCSSEngine.java:1111)
2016-12-24 00:06:00,784 ERROR [JavaFX Application Thread] - System.err - at org.eclipse.e4.ui.css.swt.properties.css2.CSSPropertyFontSWTHandler.onAllCSSPropertiesApplyed(CSSPropertyFontSWTHandler.java:251)
2016-12-24 00:06:00,784 ERROR [JavaFX Application Thread] - System.err - at org.eclipse.e4.ui.css.core.dom.properties.ICSSPropertyHandler2.onAllCSSPropertiesApplyed(ICSSPropertyHandler2.java:44)
2016-12-24 00:06:00,784 ERROR [JavaFX Application Thread] - System.err - at org.eclipse.e4.ui.css.core.impl.engine.AbstractCSSEngine.applyStyleDeclaration(AbstractCSSEngine.java:571)
2016-12-24 00:06:00,784 ERROR [JavaFX Application Thread] - System.err - at org.eclipse.e4.ui.css.core.impl.engine.AbstractCSSEngine.applyStyles(AbstractCSSEngine.java:416)
2016-12-24 00:06:00,785 ERROR [JavaFX Application Thread] - System.err - at org.eclipse.e4.ui.css.core.impl.engine.AbstractCSSEngine.applyStyles(AbstractCSSEngine.java:357)
2016-12-24 00:06:00,785 ERROR [JavaFX Application Thread] - System.err - at org.eclipse.e4.ui.css.swt.engine.CSSSWTApplyStylesListener$1.handleEvent(CSSSWTApplyStylesListener.java:32)
2016-12-24 00:06:00,785 ERROR [JavaFX Application Thread] - System.err - at org.eclipse.swt.widgets.EventTable.sendEvent(EventTable.java:84)
2016-12-24 00:06:00,785 ERROR [JavaFX Application Thread] - System.err - at org.eclipse.swt.widgets.Display.sendEvent(Display.java:4410)
2016-12-24 00:06:00,785 ERROR [JavaFX Application Thread] - System.err - at org.eclipse.swt.widgets.Display.sendEvent(Display.java:4402)
2016-12-24 00:06:00,786 ERROR [JavaFX Application Thread] - System.err - at org.eclipse.swt.widgets.Display.runSkin(Display.java:4311)
2016-12-24 00:06:00,786 ERROR [JavaFX Application Thread] - System.err - at org.eclipse.swt.widgets.Composite.updateLayout(Composite.java:1381)
2016-12-24 00:06:00,786 ERROR [JavaFX Application Thread] - System.err - at org.eclipse.swt.widgets.Composite.sendResize(Composite.java:1059)
2016-12-24 00:06:00,786 ERROR [JavaFX Application Thread] - System.err - at org.eclipse.swt.widgets.Composite.setBoundsInPixels(Composite.java:1105)
2016-12-24 00:06:00,787 ERROR [JavaFX Application Thread] - System.err - at org.eclipse.swt.widgets.Control.setBoundsInPixels(Control.java:3212)
2016-12-24 00:06:00,787 ERROR [JavaFX Application Thread] - System.err - at org.eclipse.swt.widgets.Control.setBoundsInPixels(Control.java:3208)
2016-12-24 00:06:00,787 ERROR [JavaFX Application Thread] - System.err - at org.eclipse.swt.widgets.Control.setBounds(Control.java:3203)
2016-12-24 00:06:00,787 ERROR [JavaFX Application Thread] - System.err - at org.eclipse.swt.layout.FillLayout.layout(FillLayout.java:204)
2016-12-24 00:06:00,787 ERROR [JavaFX Application Thread] - System.err - at org.eclipse.swt.widgets.Composite.updateLayout(Composite.java:1383)
2016-12-24 00:06:00,787 ERROR [JavaFX Application Thread] - System.err - at org.eclipse.swt.widgets.Composite.sendResize(Composite.java:1059)
2016-12-24 00:06:00,788 ERROR [JavaFX Application Thread] - System.err - at org.eclipse.swt.widgets.Composite.setBoundsInPixels(Composite.java:1105)
2016-12-24 00:06:00,788 ERROR [JavaFX Application Thread] - System.err - at org.eclipse.swt.widgets.Control.setBoundsInPixels(Control.java:3212)
2016-12-24 00:06:00,788 ERROR [JavaFX Application Thread] - System.err - at org.eclipse.swt.widgets.Control.setBoundsInPixels(Control.java:3208)
2016-12-24 00:06:00,788 ERROR [JavaFX Application Thread] - System.err - at org.eclipse.swt.widgets.Control.setBounds(Control.java:3203)
2016-12-24 00:06:00,788 ERROR [JavaFX Application Thread] - System.err - at org.eclipse.swt.layout.FillLayout.layout(FillLayout.java:204)
2016-12-24 00:06:00,789 ERROR [JavaFX Application Thread] - System.err - at org.eclipse.swt.widgets.Composite.updateLayout(Composite.java:1383)
2016-12-24 00:06:00,789 ERROR [JavaFX Application Thread] - System.err - at org.eclipse.swt.widgets.Composite.sendResize(Composite.java:1059)
2016-12-24 00:06:00,789 ERROR [JavaFX Application Thread] - System.err - at org.eclipse.swt.widgets.Composite.setBoundsInPixels(Composite.java:1105)
2016-12-24 00:06:00,790 ERROR [JavaFX Application Thread] - System.err - at org.eclipse.swt.widgets.Control.setBoundsInPixels(Control.java:3212)
2016-12-24 00:06:00,790 ERROR [JavaFX Application Thread] - System.err - at org.eclipse.swt.widgets.Control.setBoundsInPixels(Control.java:3208)
2016-12-24 00:06:00,790 ERROR [JavaFX Application Thread] - System.err - at org.eclipse.swt.widgets.Control.setBoundsInPixels(Control.java:3284)
2016-12-24 00:06:00,790 ERROR [JavaFX Application Thread] - System.err - at org.eclipse.swt.widgets.Control.setBounds(Control.java:3280)
2016-12-24 00:06:00,790 ERROR [JavaFX Application Thread] - System.err - at org.eclipse.e4.ui.workbench.renderers.swt.SashLayout.setRectangle(SashLayout.java:301)
2016-12-24 00:06:00,790 ERROR [JavaFX Application Thread] - System.err - at org.eclipse.e4.ui.workbench.renderers.swt.SashLayout.tileSubNodes(SashLayout.java:246)
2016-12-24 00:06:00,791 ERROR [JavaFX Application Thread] - System.err - at org.eclipse.e4.ui.workbench.renderers.swt.SashLayout.tileSubNodes(SashLayout.java:289)
2016-12-24 00:06:00,791 ERROR [JavaFX Application Thread] - System.err - at org.eclipse.e4.ui.workbench.renderers.swt.SashLayout.tileSubNodes(SashLayout.java:289)
2016-12-24 00:06:00,791 ERROR [JavaFX Application Thread] - System.err - at org.eclipse.e4.ui.workbench.renderers.swt.SashLayout.tileSubNodes(SashLayout.java:289)
2016-12-24 00:06:00,791 ERROR [JavaFX Application Thread] - System.err - at org.eclipse.e4.ui.workbench.renderers.swt.SashLayout.layout(SashLayout.java:163)
2016-12-24 00:06:00,792 ERROR [JavaFX Application Thread] - System.err - at org.eclipse.swt.widgets.Composite.updateLayout(Composite.java:1383)
2016-12-24 00:06:00,792 ERROR [JavaFX Application Thread] - System.err - at org.eclipse.swt.widgets.Composite.sendResize(Composite.java:1059)
2016-12-24 00:06:00,792 ERROR [JavaFX Application Thread] - System.err - at org.eclipse.swt.widgets.Composite.setBoundsInPixels(Composite.java:1105)
2016-12-24 00:06:00,792 ERROR [JavaFX Application Thread] - System.err - at org.eclipse.swt.widgets.Control.setBoundsInPixels(Control.java:3212)
2016-12-24 00:06:00,792 ERROR [JavaFX Application Thread] - System.err - at org.eclipse.swt.widgets.Control.setBoundsInPixels(Control.java:3208)
2016-12-24 00:06:00,793 ERROR [JavaFX Application Thread] - System.err - at org.eclipse.swt.widgets.Control.setBounds(Control.java:3203)
2016-12-24 00:06:00,793 ERROR [JavaFX Application Thread] - System.err - at org.eclipse.swt.layout.FillLayout.layout(FillLayout.java:204)
2016-12-24 00:06:00,793 ERROR [JavaFX Application Thread] - System.err - at org.eclipse.swt.widgets.Composite.updateLayout(Composite.java:1383)
2016-12-24 00:06:00,793 ERROR [JavaFX Application Thread] - System.err - at org.eclipse.swt.widgets.Composite.WM_SIZE(Composite.java:1794)
2016-12-24 00:06:00,793 ERROR [JavaFX Application Thread] - System.err - at org.eclipse.swt.widgets.Control.windowProc(Control.java:4866)
2016-12-24 00:06:00,793 ERROR [JavaFX Application Thread] - System.err - at org.eclipse.swt.widgets.Display.windowProc(Display.java:5102)
2016-12-24 00:06:00,794 ERROR [JavaFX Application Thread] - System.err - at org.eclipse.swt.internal.win32.OS.DefWindowProcW(Native Method)
2016-12-24 00:06:00,794 ERROR [JavaFX Application Thread] - System.err - at org.eclipse.swt.internal.win32.OS.DefWindowProc(OS.java:2547)
2016-12-24 00:06:00,794 ERROR [JavaFX Application Thread] - System.err - at org.eclipse.swt.widgets.Scrollable.callWindowProc(Scrollable.java:88)
2016-12-24 00:06:00,795 ERROR [JavaFX Application Thread] - System.err - at org.eclipse.swt.widgets.Control.WM_WINDOWPOSCHANGED(Control.java:5691)
2016-12-24 00:06:00,795 ERROR [JavaFX Application Thread] - System.err - at org.eclipse.swt.widgets.Control.windowProc(Control.java:4879)
2016-12-24 00:06:00,795 ERROR [JavaFX Application Thread] - System.err - at org.eclipse.swt.widgets.Display.windowProc(Display.java:5102)
2016-12-24 00:06:00,795 ERROR [JavaFX Application Thread] - System.err - at org.eclipse.swt.internal.win32.OS.SetWindowPos(Native Method)
2016-12-24 00:06:00,795 ERROR [JavaFX Application Thread] - System.err - at org.eclipse.swt.widgets.Widget.SetWindowPos(Widget.java:1482)
2016-12-24 00:06:00,795 ERROR [JavaFX Application Thread] - System.err - at org.eclipse.swt.widgets.Control.setBoundsInPixels(Control.java:3251)
2016-12-24 00:06:00,795 ERROR [JavaFX Application Thread] - System.err - at org.eclipse.swt.widgets.Composite.setBoundsInPixels(Composite.java:1099)
2016-12-24 00:06:00,796 ERROR [JavaFX Application Thread] - System.err - at org.eclipse.swt.widgets.Control.setBoundsInPixels(Control.java:3212)
2016-12-24 00:06:00,796 ERROR [JavaFX Application Thread] - System.err - at org.eclipse.swt.widgets.Control.setBoundsInPixels(Control.java:3208)
2016-12-24 00:06:00,796 ERROR [JavaFX Application Thread] - System.err - at org.eclipse.swt.widgets.Control.setBoundsInPixels(Control.java:3284)
2016-12-24 00:06:00,797 ERROR [JavaFX Application Thread] - System.err - at org.eclipse.swt.widgets.Control.setBounds(Control.java:3280)
2016-12-24 00:06:00,797 ERROR [JavaFX Application Thread] - System.err - at org.eclipse.swt.custom.StackLayout.layout(StackLayout.java:123)
2016-12-24 00:06:00,797 ERROR [JavaFX Application Thread] - System.err - at org.eclipse.swt.widgets.Composite.updateLayout(Composite.java:1383)
2016-12-24 00:06:00,806 ERROR [JavaFX Application Thread] - System.err - at org.eclipse.swt.widgets.Composite.WM_SIZE(Composite.java:1794)
2016-12-24 00:06:00,808 ERROR [JavaFX Application Thread] - System.err - at org.eclipse.swt.widgets.Control.windowProc(Control.java:4866)
2016-12-24 00:06:00,808 ERROR [JavaFX Application Thread] - System.err - at org.eclipse.swt.widgets.Display.windowProc(Display.java:5102)
2016-12-24 00:06:00,809 ERROR [JavaFX Application Thread] - System.err - at org.eclipse.swt.internal.win32.OS.DefWindowProcW(Native Method)
2016-12-24 00:06:00,809 ERROR [JavaFX Application Thread] - System.err - at org.eclipse.swt.internal.win32.OS.DefWindowProc(OS.java:2547)
2016-12-24 00:06:00,809 ERROR [JavaFX Application Thread] - System.err - at org.eclipse.swt.widgets.Scrollable.callWindowProc(Scrollable.java:88)
2016-12-24 00:06:00,809 ERROR [JavaFX Application Thread] - System.err - at org.eclipse.swt.widgets.Control.WM_WINDOWPOSCHANGED(Control.java:5691)
2016-12-24 00:06:00,811 ERROR [JavaFX Application Thread] - System.err - at org.eclipse.swt.widgets.Control.windowProc(Control.java:4879)
2016-12-24 00:06:00,811 ERROR [JavaFX Application Thread] - System.err - at org.eclipse.swt.widgets.Display.windowProc(Display.java:5102)
2016-12-24 00:06:00,811 ERROR [JavaFX Application Thread] - System.err - at org.eclipse.swt.internal.win32.OS.SetWindowPos(Native Method)
2016-12-24 00:06:00,811 ERROR [JavaFX Application Thread] - System.err - at org.eclipse.swt.widgets.Widget.SetWindowPos(Widget.java:1482)
2016-12-24 00:06:00,812 ERROR [JavaFX Application Thread] - System.err - at org.eclipse.swt.widgets.Control.setBoundsInPixels(Control.java:3251)
2016-12-24 00:06:00,812 ERROR [JavaFX Application Thread] - System.err - at org.eclipse.swt.widgets.Composite.setBoundsInPixels(Composite.java:1099)
2016-12-24 00:06:00,812 ERROR [JavaFX Application Thread] - System.err - at org.eclipse.swt.widgets.Control.setBoundsInPixels(Control.java:3212)
2016-12-24 00:06:00,812 ERROR [JavaFX Application Thread] - System.err - at org.eclipse.swt.widgets.Control.setBoundsInPixels(Control.java:3208)
2016-12-24 00:06:00,812 ERROR [JavaFX Application Thread] - System.err - at org.eclipse.swt.widgets.Control.setBoundsInPixels(Control.java:3284)
2016-12-24 00:06:00,813 ERROR [JavaFX Application Thread] - System.err - at org.eclipse.swt.widgets.Control.setBounds(Control.java:3280)
2016-12-24 00:06:00,813 ERROR [JavaFX Application Thread] - System.err - at org.eclipse.e4.ui.workbench.renderers.swt.SashLayout.setRectangle(SashLayout.java:301)
2016-12-24 00:06:00,813 ERROR [JavaFX Application Thread] - System.err - at org.eclipse.e4.ui.workbench.renderers.swt.SashLayout.tileSubNodes(SashLayout.java:246)
2016-12-24 00:06:00,813 ERROR [JavaFX Application Thread] - System.err - at org.eclipse.e4.ui.workbench.renderers.swt.SashLayout.tileSubNodes(SashLayout.java:289)
2016-12-24 00:06:00,813 ERROR [JavaFX Application Thread] - System.err - at org.eclipse.e4.ui.workbench.renderers.swt.SashLayout.layout(SashLayout.java:163)
2016-12-24 00:06:00,813 ERROR [JavaFX Application Thread] - System.err - at org.eclipse.swt.widgets.Composite.updateLayout(Composite.java:1383)
2016-12-24 00:06:00,813 ERROR [JavaFX Application Thread] - System.err - at org.eclipse.swt.widgets.Composite.WM_SIZE(Composite.java:1794)
2016-12-24 00:06:00,814 ERROR [JavaFX Application Thread] - System.err - at org.eclipse.swt.widgets.Control.windowProc(Control.java:4866)
2016-12-24 00:06:00,814 ERROR [JavaFX Application Thread] - System.err - at org.eclipse.swt.widgets.Display.windowProc(Display.java:5102)
2016-12-24 00:06:00,814 ERROR [JavaFX Application Thread] - System.err - at org.eclipse.swt.internal.win32.OS.DefWindowProcW(Native Method)
2016-12-24 00:06:00,814 ERROR [JavaFX Application Thread] - System.err - at org.eclipse.swt.internal.win32.OS.DefWindowProc(OS.java:2547)
2016-12-24 00:06:00,814 ERROR [JavaFX Application Thread] - System.err - at org.eclipse.swt.widgets.Scrollable.callWindowProc(Scrollable.java:88)
2016-12-24 00:06:00,814 ERROR [JavaFX Application Thread] - System.err - at org.eclipse.swt.widgets.Control.WM_WINDOWPOSCHANGED(Control.java:5691)
2016-12-24 00:06:00,814 ERROR [JavaFX Application Thread] - System.err - at org.eclipse.swt.widgets.Control.windowProc(Control.java:4879)
2016-12-24 00:06:00,815 ERROR [JavaFX Application Thread] - System.err - at org.eclipse.swt.widgets.Display.windowProc(Display.java:5102)
2016-12-24 00:06:00,815 ERROR [JavaFX Application Thread] - System.err - at org.eclipse.swt.internal.win32.OS.SetWindowPos(Native Method)
2016-12-24 00:06:00,815 ERROR [JavaFX Application Thread] - System.err - at org.eclipse.swt.widgets.Widget.SetWindowPos(Widget.java:1482)
2016-12-24 00:06:00,815 ERROR [JavaFX Application Thread] - System.err - at org.eclipse.swt.widgets.Control.setBoundsInPixels(Control.java:3251)
2016-12-24 00:06:00,815 ERROR [JavaFX Application Thread] - System.err - at org.eclipse.swt.widgets.Composite.setBoundsInPixels(Composite.java:1099)
2016-12-24 00:06:00,816 ERROR [JavaFX Application Thread] - System.err - at org.eclipse.swt.widgets.Control.setBoundsInPixels(Control.java:3212)
2016-12-24 00:06:00,816 ERROR [JavaFX Application Thread] - System.err - at org.eclipse.swt.widgets.Control.setBoundsInPixels(Control.java:3208)
2016-12-24 00:06:00,816 ERROR [JavaFX Application Thread] - System.err - at org.eclipse.swt.widgets.Control.setBounds(Control.java:3203)
2016-12-24 00:06:00,816 ERROR [JavaFX Application Thread] - System.err - at org.eclipse.swt.layout.FillLayout.layout(FillLayout.java:204)
2016-12-24 00:06:00,816 ERROR [JavaFX Application Thread] - System.err - at org.eclipse.swt.widgets.Composite.updateLayout(Composite.java:1383)
2016-12-24 00:06:00,816 ERROR [JavaFX Application Thread] - System.err - at org.eclipse.swt.widgets.Composite.WM_SIZE(Composite.java:1794)
2016-12-24 00:06:00,816 ERROR [JavaFX Application Thread] - System.err - at org.eclipse.swt.widgets.Control.windowProc(Control.java:4866)
2016-12-24 00:06:00,817 ERROR [JavaFX Application Thread] - System.err - at org.eclipse.swt.widgets.Display.windowProc(Display.java:5102)
2016-12-24 00:06:00,817 ERROR [JavaFX Application Thread] - System.err - at org.eclipse.swt.internal.win32.OS.DefWindowProcW(Native Method)
2016-12-24 00:06:00,817 ERROR [JavaFX Application Thread] - System.err - at org.eclipse.swt.internal.win32.OS.DefWindowProc(OS.java:2547)
2016-12-24 00:06:00,817 ERROR [JavaFX Application Thread] - System.err - at org.eclipse.swt.widgets.Scrollable.callWindowProc(Scrollable.java:88)
2016-12-24 00:06:00,818 ERROR [JavaFX Application Thread] - System.err - at org.eclipse.swt.widgets.Control.WM_WINDOWPOSCHANGED(Control.java:5691)
2016-12-24 00:06:00,818 ERROR [JavaFX Application Thread] - System.err - at org.eclipse.swt.widgets.Control.windowProc(Control.java:4879)
2016-12-24 00:06:00,818 ERROR [JavaFX Application Thread] - System.err - at org.eclipse.swt.widgets.Display.windowProc(Display.java:5115)
2016-12-24 00:06:00,818 ERROR [JavaFX Application Thread] - System.err - at org.eclipse.swt.internal.win32.OS.EndDeferWindowPos(Native Method)
2016-12-24 00:06:00,818 ERROR [JavaFX Application Thread] - System.err - at org.eclipse.swt.widgets.Composite.resizeChildren(Composite.java:1027)
2016-12-24 00:06:00,819 ERROR [JavaFX Application Thread] - System.err - at org.eclipse.swt.widgets.Composite.resizeChildren(Composite.java:993)
2016-12-24 00:06:00,819 ERROR [JavaFX Application Thread] - System.err - at org.eclipse.swt.widgets.Composite.setResizeChildren(Composite.java:1207)
2016-12-24 00:06:00,819 ERROR [JavaFX Application Thread] - System.err - at org.eclipse.swt.widgets.Composite.WM_SIZE(Composite.java:1798)
2016-12-24 00:06:00,819 ERROR [JavaFX Application Thread] - System.err - at org.eclipse.swt.widgets.Canvas.WM_SIZE(Canvas.java:492)
2016-12-24 00:06:00,820 ERROR [JavaFX Application Thread] - System.err - at org.eclipse.swt.widgets.Decorations.WM_SIZE(Decorations.java:1849)
2016-12-24 00:06:00,820 ERROR [JavaFX Application Thread] - System.err - at org.eclipse.swt.widgets.Control.windowProc(Control.java:4866)
2016-12-24 00:06:00,820 ERROR [JavaFX Application Thread] - System.err - at org.eclipse.swt.widgets.Canvas.windowProc(Canvas.java:359)
2016-12-24 00:06:00,820 ERROR [JavaFX Application Thread] - System.err - at org.eclipse.swt.widgets.Decorations.windowProc(Decorations.java:1656)
2016-12-24 00:06:00,820 ERROR [JavaFX Application Thread] - System.err - at org.eclipse.swt.widgets.Shell.windowProc(Shell.java:2199)
2016-12-24 00:06:00,820 ERROR [JavaFX Application Thread] - System.err - at org.eclipse.swt.widgets.Display.windowProc(Display.java:5115)
2016-12-24 00:06:00,820 ERROR [JavaFX Application Thread] - System.err - at org.eclipse.swt.internal.win32.OS.DefWindowProcW(Native Method)
2016-12-24 00:06:00,821 ERROR [JavaFX Application Thread] - System.err - at org.eclipse.swt.internal.win32.OS.DefWindowProc(OS.java:2547)
2016-12-24 00:06:00,821 ERROR [JavaFX Application Thread] - System.err - at org.eclipse.swt.widgets.Shell.callWindowProc(Shell.java:506)
2016-12-24 00:06:00,821 ERROR [JavaFX Application Thread] - System.err - at org.eclipse.swt.widgets.Control.WM_WINDOWPOSCHANGED(Control.java:5691)
2016-12-24 00:06:00,821 ERROR [JavaFX Application Thread] - System.err - at org.eclipse.swt.widgets.Canvas.WM_WINDOWPOSCHANGED(Canvas.java:499)
2016-12-24 00:06:00,821 ERROR [JavaFX Application Thread] - System.err - at org.eclipse.swt.widgets.Control.windowProc(Control.java:4879)
2016-12-24 00:06:00,821 ERROR [JavaFX Application Thread] - System.err - at org.eclipse.swt.widgets.Canvas.windowProc(Canvas.java:359)
2016-12-24 00:06:00,822 ERROR [JavaFX Application Thread] - System.err - at org.eclipse.swt.widgets.Decorations.windowProc(Decorations.java:1656)
2016-12-24 00:06:00,822 ERROR [JavaFX Application Thread] - System.err - at org.eclipse.swt.widgets.Shell.windowProc(Shell.java:2199)
2016-12-24 00:06:00,822 ERROR [JavaFX Application Thread] - System.err - at org.eclipse.swt.widgets.Display.windowProc(Display.java:5102)
2016-12-24 00:06:00,822 ERROR [JavaFX Application Thread] - System.err - at org.eclipse.swt.internal.win32.OS.SetMenu(Native Method)
2016-12-24 00:06:00,822 ERROR [JavaFX Application Thread] - System.err - at org.eclipse.swt.widgets.Decorations.setMenuBar(Decorations.java:1187)
2016-12-24 00:06:00,822 ERROR [JavaFX Application Thread] - System.err - at org.eclipse.swt.widgets.Menu.releaseParent(Menu.java:1206)
2016-12-24 00:06:00,822 ERROR [JavaFX Application Thread] - System.err - at org.eclipse.swt.widgets.Widget.release(Widget.java:844)
2016-12-24 00:06:00,822 ERROR [JavaFX Application Thread] - System.err - at org.eclipse.swt.widgets.Widget.dispose(Widget.java:460)
2016-12-24 00:06:00,823 ERROR [JavaFX Application Thread] - System.err - at org.eclipse.e4.ui.workbench.renderers.swt.SWTPartRenderer.disposeWidget(SWTPartRenderer.java:176)
2016-12-24 00:06:00,823 ERROR [JavaFX Application Thread] - System.err - at org.eclipse.e4.ui.internal.workbench.swt.PartRenderingEngine.safeRemoveGui(PartRenderingEngine.java:918)
2016-12-24 00:06:00,823 ERROR [JavaFX Application Thread] - System.err - at org.eclipse.e4.ui.internal.workbench.swt.PartRenderingEngine.access$1(PartRenderingEngine.java:846)
2016-12-24 00:06:00,823 ERROR [JavaFX Application Thread] - System.err - at org.eclipse.e4.ui.internal.workbench.swt.PartRenderingEngine$3.run(PartRenderingEngine.java:841)
2016-12-24 00:06:00,824 ERROR [JavaFX Application Thread] - System.err - at org.eclipse.core.runtime.SafeRunner.run(SafeRunner.java:42)
2016-12-24 00:06:00,824 ERROR [JavaFX Application Thread] - System.err - at org.eclipse.e4.ui.internal.workbench.swt.PartRenderingEngine.removeGui(PartRenderingEngine.java:825)
2016-12-24 00:06:00,824 ERROR [JavaFX Application Thread] - System.err - at org.eclipse.ui.internal.WorkbenchWindow$1.handleEvent(WorkbenchWindow.java:322)
2016-12-24 00:06:00,824 ERROR [JavaFX Application Thread] - System.err - at org.eclipse.e4.ui.services.internal.events.UIEventHandler$1.run(UIEventHandler.java:40)
2016-12-24 00:06:00,824 ERROR [JavaFX Application Thread] - System.err - at org.eclipse.swt.widgets.Synchronizer.syncExec(Synchronizer.java:233)
2016-12-24 00:06:00,824 ERROR [JavaFX Application Thread] - System.err - at org.eclipse.ui.internal.UISynchronizer.syncExec(UISynchronizer.java:145)
2016-12-24 00:06:00,824 ERROR [JavaFX Application Thread] - System.err - at org.eclipse.swt.widgets.Display.syncExec(Display.java:4813)
2016-12-24 00:06:00,825 ERROR [JavaFX Application Thread] - System.err - at org.eclipse.e4.ui.internal.workbench.swt.E4Application$1.syncExec(E4Application.java:211)
2016-12-24 00:06:00,825 ERROR [JavaFX Application Thread] - System.err - at org.eclipse.e4.ui.services.internal.events.UIEventHandler.handleEvent(UIEventHandler.java:36)
2016-12-24 00:06:00,825 ERROR [JavaFX Application Thread] - System.err - at org.eclipse.equinox.internal.event.EventHandlerWrapper.handleEvent(EventHandlerWrapper.java:201)
2016-12-24 00:06:00,825 ERROR [JavaFX Application Thread] - System.err - at org.eclipse.equinox.internal.event.EventHandlerTracker.dispatchEvent(EventHandlerTracker.java:197)
2016-12-24 00:06:00,825 ERROR [JavaFX Application Thread] - System.err - at org.eclipse.equinox.internal.event.EventHandlerTracker.dispatchEvent(EventHandlerTracker.java:1)
2016-12-24 00:06:00,825 ERROR [JavaFX Application Thread] - System.err - at org.eclipse.osgi.framework.eventmgr.EventManager.dispatchEvent(EventManager.java:230)
2016-12-24 00:06:00,825 ERROR [JavaFX Application Thread] - System.err - at org.eclipse.osgi.framework.eventmgr.ListenerQueue.dispatchEventSynchronous(ListenerQueue.java:148)
2016-12-24 00:06:00,826 ERROR [JavaFX Application Thread] - System.err - at org.eclipse.equinox.internal.event.EventAdminImpl.dispatchEvent(EventAdminImpl.java:135)
2016-12-24 00:06:00,826 ERROR [JavaFX Application Thread] - System.err - at org.eclipse.equinox.internal.event.EventAdminImpl.sendEvent(EventAdminImpl.java:78)
2016-12-24 00:06:00,826 ERROR [JavaFX Application Thread] - System.err - at org.eclipse.equinox.internal.event.EventComponent.sendEvent(EventComponent.java:39)
2016-12-24 00:06:00,827 ERROR [JavaFX Application Thread] - System.err - at org.eclipse.e4.ui.services.internal.events.EventBroker.send(EventBroker.java:94)
2016-12-24 00:06:00,827 ERROR [JavaFX Application Thread] - System.err - at org.eclipse.e4.ui.internal.workbench.UIEventPublisher.notifyChanged(UIEventPublisher.java:60)
2016-12-24 00:06:00,828 ERROR [JavaFX Application Thread] - System.err - at org.eclipse.emf.common.notify.impl.BasicNotifierImpl.eNotify(BasicNotifierImpl.java:374)
2016-12-24 00:06:00,828 ERROR [JavaFX Application Thread] - System.err - at org.eclipse.e4.ui.model.application.ui.impl.UIElementImpl.setWidget(UIElementImpl.java:261)
2016-12-24 00:06:00,828 ERROR [JavaFX Application Thread] - System.err - at org.eclipse.e4.ui.workbench.renderers.swt.SWTPartRenderer.unbindWidget(SWTPartRenderer.java:151)
2016-12-24 00:06:00,828 ERROR [JavaFX Application Thread] - System.err - at org.eclipse.e4.ui.workbench.renderers.swt.SWTPartRenderer$1.widgetDisposed(SWTPartRenderer.java:139)
2016-12-24 00:06:00,828 ERROR [JavaFX Application Thread] - System.err - at org.eclipse.swt.widgets.TypedListener.handleEvent(TypedListener.java:124)
2016-12-24 00:06:00,828 ERROR [JavaFX Application Thread] - System.err - at org.eclipse.swt.widgets.EventTable.sendEvent(EventTable.java:84)
2016-12-24 00:06:00,829 ERROR [JavaFX Application Thread] - System.err - at org.eclipse.swt.widgets.Display.sendEvent(Display.java:4410)
2016-12-24 00:06:00,829 ERROR [JavaFX Application Thread] - System.err - at org.eclipse.swt.widgets.Widget.sendEvent(Widget.java:1079)
2016-12-24 00:06:00,829 ERROR [JavaFX Application Thread] - System.err - at org.eclipse.swt.widgets.Widget.sendEvent(Widget.java:1103)
2016-12-24 00:06:00,829 ERROR [JavaFX Application Thread] - System.err - at org.eclipse.swt.widgets.Widget.sendEvent(Widget.java:1084)
2016-12-24 00:06:00,829 ERROR [JavaFX Application Thread] - System.err - at org.eclipse.swt.widgets.Widget.release(Widget.java:836)
2016-12-24 00:06:00,829 ERROR [JavaFX Application Thread] - System.err - at org.eclipse.swt.widgets.Widget.dispose(Widget.java:460)
2016-12-24 00:06:00,829 ERROR [JavaFX Application Thread] - System.err - at org.eclipse.swt.widgets.Decorations.dispose(Decorations.java:459)
2016-12-24 00:06:00,829 ERROR [JavaFX Application Thread] - System.err - at org.eclipse.swt.widgets.Shell.dispose(Shell.java:737)
2016-12-24 00:06:00,830 ERROR [JavaFX Application Thread] - System.err - at org.eclipse.swt.widgets.Display.release(Display.java:3867)
2016-12-24 00:06:00,830 ERROR [JavaFX Application Thread] - System.err - at org.eclipse.swt.graphics.Device.dispose(Device.java:298)
2016-12-24 00:06:00,830 ERROR [JavaFX Application Thread] - System.err - at org.eclipse.swt.widgets.Display.messageProc(Display.java:3350)
2016-12-24 00:06:00,830 ERROR [JavaFX Application Thread] - System.err - at org.eclipse.swt.internal.win32.OS.DefWindowProcW(Native Method)
2016-12-24 00:06:00,835 ERROR [JavaFX Application Thread] - System.err - at org.eclipse.swt.internal.win32.OS.DefWindowProc(OS.java:2547)
2016-12-24 00:06:00,836 ERROR [JavaFX Application Thread] - System.err - at org.eclipse.swt.widgets.Shell.callWindowProc(Shell.java:506)
2016-12-24 00:06:00,836 ERROR [JavaFX Application Thread] - System.err - at org.eclipse.swt.widgets.Control.windowProc(Control.java:4889)
2016-12-24 00:06:00,836 ERROR [JavaFX Application Thread] - System.err - at org.eclipse.swt.widgets.Canvas.windowProc(Canvas.java:359)
2016-12-24 00:06:00,837 ERROR [JavaFX Application Thread] - System.err - at org.eclipse.swt.widgets.Decorations.windowProc(Decorations.java:1656)
2016-12-24 00:06:00,837 ERROR [JavaFX Application Thread] - System.err - at org.eclipse.swt.widgets.Shell.windowProc(Shell.java:2199)
2016-12-24 00:06:00,837 ERROR [JavaFX Application Thread] - System.err - at org.eclipse.swt.widgets.Display.windowProc(Display.java:5115)
2016-12-24 00:06:00,838 ERROR [JavaFX Application Thread] - System.err - at org.eclipse.swt.internal.win32.OS.PeekMessageW(Native Method)
2016-12-24 00:06:00,838 ERROR [JavaFX Application Thread] - System.err - at org.eclipse.swt.internal.win32.OS.PeekMessage(OS.java:3144)
2016-12-24 00:06:00,838 ERROR [JavaFX Application Thread] - System.err - at org.eclipse.swt.widgets.Display.readAndDispatch(Display.java:3811)
2016-12-24 00:06:00,838 ERROR [JavaFX Application Thread] - System.err - at org.eclipse.jface.window.Window.runEventLoop(Window.java:818)
2016-12-24 00:06:00,838 ERROR [JavaFX Application Thread] - System.err - at org.eclipse.jface.window.Window.open(Window.java:794)
2016-12-24 00:06:00,838 ERROR [JavaFX Application Thread] - System.err - at org.eclipse.jface.dialogs.MessageDialog.open(MessageDialog.java:396)
2016-12-24 00:06:00,838 ERROR [JavaFX Application Thread] - System.err - at org.eclipse.jface.dialogs.MessageDialogWithToggle.open(MessageDialogWithToggle.java:115)
2016-12-24 00:06:00,839 ERROR [JavaFX Application Thread] - System.err - at org.eclipse.jface.dialogs.MessageDialogWithToggle.openOkCancelConfirm(MessageDialogWithToggle.java:210)
2016-12-24 00:06:00,839 ERROR [JavaFX Application Thread] - System.err - at org.eclipse.ui.internal.ide.application.IDEWorkbenchWindowAdvisor.promptOnExit(IDEWorkbenchWindowAdvisor.java:213)
2016-12-24 00:06:00,839 ERROR [JavaFX Application Thread] - System.err - at org.eclipse.ui.internal.ide.application.IDEWorkbenchAdvisor$1.handleEvent(IDEWorkbenchAdvisor.java:165)
2016-12-24 00:06:00,839 ERROR [JavaFX Application Thread] - System.err - at org.eclipse.swt.widgets.EventTable.sendEvent(EventTable.java:84)
2016-12-24 00:06:00,839 ERROR [JavaFX Application Thread] - System.err - at org.eclipse.swt.widgets.Display.sendEvent(Display.java:4410)
2016-12-24 00:06:00,839 ERROR [JavaFX Application Thread] - System.err - at org.eclipse.swt.widgets.Display.sendEvent(Display.java:4402)
2016-12-24 00:06:00,839 ERROR [JavaFX Application Thread] - System.err - at org.eclipse.swt.widgets.Display.messageProc(Display.java:3363)
2016-12-24 00:06:00,840 ERROR [JavaFX Application Thread] - System.err - at org.eclipse.swt.internal.win32.OS.DefWindowProcW(Native Method)
2016-12-24 00:06:00,840 ERROR [JavaFX Application Thread] - System.err - at org.eclipse.swt.internal.win32.OS.DefWindowProc(OS.java:2547)
2016-12-24 00:06:00,840 ERROR [JavaFX Application Thread] - System.err - at org.eclipse.swt.widgets.Shell.callWindowProc(Shell.java:506)
2016-12-24 00:06:00,840 ERROR [JavaFX Application Thread] - System.err - at org.eclipse.swt.widgets.Control.windowProc(Control.java:4889)
2016-12-24 00:06:00,840 ERROR [JavaFX Application Thread] - System.err - at org.eclipse.swt.widgets.Canvas.windowProc(Canvas.java:359)
2016-12-24 00:06:00,841 ERROR [JavaFX Application Thread] - System.err - at org.eclipse.swt.widgets.Decorations.windowProc(Decorations.java:1656)
2016-12-24 00:06:00,841 ERROR [JavaFX Application Thread] - System.err - at org.eclipse.swt.widgets.Shell.windowProc(Shell.java:2199)
2016-12-24 00:06:00,841 ERROR [JavaFX Application Thread] - System.err - at org.eclipse.swt.widgets.Display.windowProc(Display.java:5115)
2016-12-24 00:06:00,842 ERROR [JavaFX Application Thread] - System.err - at org.eclipse.swt.internal.win32.OS.PeekMessageW(Native Method)
2016-12-24 00:06:00,842 ERROR [JavaFX Application Thread] - System.err - at org.eclipse.swt.internal.win32.OS.PeekMessage(OS.java:3144)
2016-12-24 00:06:00,842 ERROR [JavaFX Application Thread] - System.err - at org.eclipse.swt.widgets.Display.readAndDispatch(Display.java:3811)
2016-12-24 00:06:00,842 ERROR [JavaFX Application Thread] - System.err - at org.eclipse.e4.ui.internal.workbench.swt.PartRenderingEngine$4.run(PartRenderingEngine.java:1121)
2016-12-24 00:06:00,842 ERROR [JavaFX Application Thread] - System.err - at org.eclipse.core.databinding.observable.Realm.runWithDefault(Realm.java:336)
2016-12-24 00:06:00,843 ERROR [JavaFX Application Thread] - System.err - at org.eclipse.e4.ui.internal.workbench.swt.PartRenderingEngine.run(PartRenderingEngine.java:1022)
2016-12-24 00:06:00,843 ERROR [JavaFX Application Thread] - System.err - at org.eclipse.e4.ui.internal.workbench.E4Workbench.createAndRunUI(E4Workbench.java:150)
2016-12-24 00:06:00,843 ERROR [JavaFX Application Thread] - System.err - at org.eclipse.ui.internal.Workbench$5.run(Workbench.java:687)
2016-12-24 00:06:00,843 ERROR [JavaFX Application Thread] - System.err - at org.eclipse.core.databinding.observable.Realm.runWithDefault(Realm.java:336)
2016-12-24 00:06:00,843 ERROR [JavaFX Application Thread] - System.err - at org.eclipse.ui.internal.Workbench.createAndRunWorkbench(Workbench.java:604)
2016-12-24 00:06:00,843 ERROR [JavaFX Application Thread] - System.err - at org.eclipse.ui.PlatformUI.createAndRunWorkbench(PlatformUI.java:148)
2016-12-24 00:06:00,843 ERROR [JavaFX Application Thread] - System.err - at org.eclipse.ui.internal.ide.application.IDEApplication.start(IDEApplication.java:138)
2016-12-24 00:06:00,843 ERROR [JavaFX Application Thread] - System.err - at org.eclipse.equinox.internal.app.EclipseAppHandle.run(EclipseAppHandle.java:196)
2016-12-24 00:06:00,844 ERROR [JavaFX Application Thread] - System.err - at org.eclipse.core.runtime.internal.adaptor.EclipseAppLauncher.runApplication(EclipseAppLauncher.java:134)
2016-12-24 00:06:00,844 ERROR [JavaFX Application Thread] - System.err - at org.eclipse.core.runtime.internal.adaptor.EclipseAppLauncher.start(EclipseAppLauncher.java:104)
2016-12-24 00:06:00,844 ERROR [JavaFX Application Thread] - System.err - at org.eclipse.core.runtime.adaptor.EclipseStarter.run(EclipseStarter.java:388)
2016-12-24 00:06:00,844 ERROR [JavaFX Application Thread] - System.err - at org.eclipse.core.runtime.adaptor.EclipseStarter.run(EclipseStarter.java:243)
2016-12-24 00:06:00,844 ERROR [JavaFX Application Thread] - System.err - at sun.reflect.NativeMethodAccessorImpl.invoke0(Native Method)
2016-12-24 00:06:00,844 ERROR [JavaFX Application Thread] - System.err - at sun.reflect.NativeMethodAccessorImpl.invoke(Unknown Source)
2016-12-24 00:06:00,844 ERROR [JavaFX Application Thread] - System.err - at sun.reflect.DelegatingMethodAccessorImpl.invoke(Unknown Source)
2016-12-24 00:06:00,844 ERROR [JavaFX Application Thread] - System.err - at java.lang.reflect.Method.invoke(Unknown Source)
2016-12-24 00:06:00,845 ERROR [JavaFX Application Thread] - System.err - at org.eclipse.equinox.launcher.Main.invokeFramework(Main.java:673)
2016-12-24 00:06:00,845 ERROR [JavaFX Application Thread] - System.err - at org.eclipse.equinox.launcher.Main.basicRun(Main.java:610)
2016-12-24 00:06:00,845 ERROR [JavaFX Application Thread] - System.err - at org.eclipse.equinox.launcher.Main.run(Main.java:1519)
2016-12-24 17:17:51,828 ERROR [main] - Statistics - Statistics file `C:\Users\Chaman Bharti\.scalaide\statistics` is corrupted. A new one is being created. Corrupted content was:

com.cedarsoftware.util.io.JsonIoException: error parsing JSON value
	at com.cedarsoftware.util.io.JsonReader.readObject(JsonReader.java:529)
	at com.cedarsoftware.util.io.JsonReader.jsonToJava(JsonReader.java:289)
	at com.cedarsoftware.util.io.JsonReader.jsonToJava(JsonReader.java:262)
	at org.scalaide.core.internal.statistics.Statistics.org$scalaide$core$internal$statistics$Statistics$$read(Statistics.scala:74)
	at org.scalaide.core.internal.statistics.Statistics$$anonfun$readStats$1.apply(Statistics.scala:52)
	at org.scalaide.core.internal.statistics.Statistics$$anonfun$readStats$1.apply(Statistics.scala:51)
	at org.scalaide.core.ScalaIdeDataStore$$anonfun$validate$2.apply(ScalaIdeDataStore.scala:59)
	at org.scalaide.util.eclipse.EclipseUtils$$anon$3.run(EclipseUtils.scala:214)
	at org.eclipse.core.runtime.SafeRunner.run(SafeRunner.java:42)
	at org.scalaide.util.eclipse.EclipseUtils$.withSafeRunner(EclipseUtils.scala:210)
	at org.scalaide.core.ScalaIdeDataStore$.validate(ScalaIdeDataStore.scala:58)
	at org.scalaide.core.internal.statistics.Statistics.readStats(Statistics.scala:51)
	at org.scalaide.core.internal.statistics.Statistics.<init>(Statistics.scala:30)
	at org.scalaide.core.internal.ScalaPlugin.stats$lzycompute(ScalaPlugin.scala:135)
	at org.scalaide.core.internal.ScalaPlugin.stats(ScalaPlugin.scala:135)
	at org.scalaide.core.internal.ScalaPlugin.statistics(ScalaPlugin.scala:138)
	at org.scalaide.core.internal.ScalaPlugin.start(ScalaPlugin.scala:109)
	at org.eclipse.osgi.internal.framework.BundleContextImpl$3.run(BundleContextImpl.java:774)
	at org.eclipse.osgi.internal.framework.BundleContextImpl$3.run(BundleContextImpl.java:1)
	at java.security.AccessController.doPrivileged(Native Method)
	at org.eclipse.osgi.internal.framework.BundleContextImpl.startActivator(BundleContextImpl.java:767)
	at org.eclipse.osgi.internal.framework.BundleContextImpl.start(BundleContextImpl.java:724)
	at org.eclipse.osgi.internal.framework.EquinoxBundle.startWorker0(EquinoxBundle.java:932)
	at org.eclipse.osgi.internal.framework.EquinoxBundle$EquinoxModule.startWorker(EquinoxBundle.java:309)
	at org.eclipse.osgi.container.Module.doStart(Module.java:581)
	at org.eclipse.osgi.container.Module.start(Module.java:449)
	at org.eclipse.osgi.framework.util.SecureAction.start(SecureAction.java:470)
	at org.eclipse.osgi.internal.hooks.EclipseLazyStarter.postFindLocalClass(EclipseLazyStarter.java:107)
	at org.eclipse.osgi.internal.loader.classpath.ClasspathManager.findLocalClass(ClasspathManager.java:529)
	at org.eclipse.osgi.internal.loader.ModuleClassLoader.findLocalClass(ModuleClassLoader.java:325)
	at org.eclipse.osgi.internal.loader.BundleLoader.findLocalClass(BundleLoader.java:345)
	at org.eclipse.osgi.internal.loader.BundleLoader.findClassInternal(BundleLoader.java:423)
	at org.eclipse.osgi.internal.loader.BundleLoader.findClass(BundleLoader.java:372)
	at org.eclipse.osgi.internal.loader.BundleLoader.findClass(BundleLoader.java:364)
	at org.eclipse.osgi.internal.loader.ModuleClassLoader.loadClass(ModuleClassLoader.java:161)
	at java.lang.ClassLoader.loadClass(Unknown Source)
	at org.eclipse.osgi.internal.framework.EquinoxBundle.loadClass(EquinoxBundle.java:564)
	at org.eclipse.core.internal.registry.osgi.RegistryStrategyOSGI.createExecutableExtension(RegistryStrategyOSGI.java:174)
	at org.eclipse.core.internal.registry.ExtensionRegistry.createExecutableExtension(ExtensionRegistry.java:905)
	at org.eclipse.core.internal.registry.ConfigurationElement.createExecutableExtension(ConfigurationElement.java:243)
	at org.eclipse.core.internal.registry.ConfigurationElementHandle.createExecutableExtension(ConfigurationElementHandle.java:55)
	at org.eclipse.jdt.internal.ui.filters.FilterDescriptor$1.run(FilterDescriptor.java:135)
	at org.eclipse.core.runtime.SafeRunner.run(SafeRunner.java:42)
	at org.eclipse.jdt.internal.ui.filters.FilterDescriptor.createViewerFilter(FilterDescriptor.java:139)
	at org.eclipse.jdt.ui.actions.CustomFiltersActionGroup$FilterItem.getFilterInstance(CustomFiltersActionGroup.java:187)
	at org.eclipse.jdt.ui.actions.CustomFiltersActionGroup.updateViewerFilters(CustomFiltersActionGroup.java:517)
	at org.eclipse.jdt.ui.actions.CustomFiltersActionGroup.<init>(CustomFiltersActionGroup.java:275)
	at org.eclipse.jdt.ui.actions.CustomFiltersActionGroup.<init>(CustomFiltersActionGroup.java:241)
	at org.eclipse.jdt.internal.ui.packageview.PackageExplorerActionGroup.<init>(PackageExplorerActionGroup.java:149)
	at org.eclipse.jdt.internal.ui.packageview.PackageExplorerPart.makeActions(PackageExplorerPart.java:800)
	at org.eclipse.jdt.internal.ui.packageview.PackageExplorerPart.createPartControl(PackageExplorerPart.java:506)
	at org.eclipse.ui.internal.e4.compatibility.CompatibilityPart.createPartControl(CompatibilityPart.java:150)
	at org.eclipse.ui.internal.e4.compatibility.CompatibilityView.createPartControl(CompatibilityView.java:143)
	at org.eclipse.ui.internal.e4.compatibility.CompatibilityPart.create(CompatibilityPart.java:340)
	at sun.reflect.NativeMethodAccessorImpl.invoke0(Native Method)
	at sun.reflect.NativeMethodAccessorImpl.invoke(Unknown Source)
	at sun.reflect.DelegatingMethodAccessorImpl.invoke(Unknown Source)
	at java.lang.reflect.Method.invoke(Unknown Source)
	at org.eclipse.e4.core.internal.di.MethodRequestor.execute(MethodRequestor.java:55)
	at org.eclipse.e4.core.internal.di.InjectorImpl.processAnnotated(InjectorImpl.java:966)
	at org.eclipse.e4.core.internal.di.InjectorImpl.processAnnotated(InjectorImpl.java:931)
	at org.eclipse.e4.core.internal.di.InjectorImpl.inject(InjectorImpl.java:151)
	at org.eclipse.e4.core.internal.di.InjectorImpl.internalMake(InjectorImpl.java:375)
	at org.eclipse.e4.core.internal.di.InjectorImpl.make(InjectorImpl.java:294)
	at org.eclipse.e4.core.contexts.ContextInjectionFactory.make(ContextInjectionFactory.java:162)
	at org.eclipse.e4.ui.internal.workbench.ReflectionContributionFactory.createFromBundle(ReflectionContributionFactory.java:105)
	at org.eclipse.e4.ui.internal.workbench.ReflectionContributionFactory.doCreate(ReflectionContributionFactory.java:74)
	at org.eclipse.e4.ui.internal.workbench.ReflectionContributionFactory.create(ReflectionContributionFactory.java:56)
	at org.eclipse.e4.ui.workbench.renderers.swt.ContributedPartRenderer.createWidget(ContributedPartRenderer.java:129)
	at org.eclipse.e4.ui.internal.workbench.swt.PartRenderingEngine.createWidget(PartRenderingEngine.java:975)
	at org.eclipse.e4.ui.internal.workbench.swt.PartRenderingEngine.safeCreateGui(PartRenderingEngine.java:651)
	at org.eclipse.e4.ui.internal.workbench.swt.PartRenderingEngine$1.run(PartRenderingEngine.java:536)
	at org.eclipse.core.runtime.SafeRunner.run(SafeRunner.java:42)
	at org.eclipse.e4.ui.internal.workbench.swt.PartRenderingEngine.createGui(PartRenderingEngine.java:520)
	at org.eclipse.e4.ui.workbench.renderers.swt.ElementReferenceRenderer.createWidget(ElementReferenceRenderer.java:70)
	at org.eclipse.e4.ui.internal.workbench.swt.PartRenderingEngine.createWidget(PartRenderingEngine.java:975)
	at org.eclipse.e4.ui.internal.workbench.swt.PartRenderingEngine.safeCreateGui(PartRenderingEngine.java:651)
	at org.eclipse.e4.ui.internal.workbench.swt.PartRenderingEngine.safeCreateGui(PartRenderingEngine.java:757)
	at org.eclipse.e4.ui.internal.workbench.swt.PartRenderingEngine.access$0(PartRenderingEngine.java:728)
	at org.eclipse.e4.ui.internal.workbench.swt.PartRenderingEngine$2.run(PartRenderingEngine.java:722)
	at org.eclipse.core.runtime.SafeRunner.run(SafeRunner.java:42)
	at org.eclipse.e4.ui.internal.workbench.swt.PartRenderingEngine.createGui(PartRenderingEngine.java:706)
	at org.eclipse.e4.ui.workbench.renderers.swt.StackRenderer.showTab(StackRenderer.java:1317)
	at org.eclipse.e4.ui.workbench.renderers.swt.LazyStackRenderer.postProcess(LazyStackRenderer.java:103)
	at org.eclipse.e4.ui.internal.workbench.swt.PartRenderingEngine.safeCreateGui(PartRenderingEngine.java:669)
	at org.eclipse.e4.ui.internal.workbench.swt.PartRenderingEngine.safeCreateGui(PartRenderingEngine.java:757)
	at org.eclipse.e4.ui.internal.workbench.swt.PartRenderingEngine.access$0(PartRenderingEngine.java:728)
	at org.eclipse.e4.ui.internal.workbench.swt.PartRenderingEngine$2.run(PartRenderingEngine.java:722)
	at org.eclipse.core.runtime.SafeRunner.run(SafeRunner.java:42)
	at org.eclipse.e4.ui.internal.workbench.swt.PartRenderingEngine.createGui(PartRenderingEngine.java:706)
	at org.eclipse.e4.ui.workbench.renderers.swt.SWTPartRenderer.processContents(SWTPartRenderer.java:70)
	at org.eclipse.e4.ui.workbench.renderers.swt.SashRenderer.processContents(SashRenderer.java:142)
	at org.eclipse.e4.ui.internal.workbench.swt.PartRenderingEngine.safeCreateGui(PartRenderingEngine.java:665)
	at org.eclipse.e4.ui.internal.workbench.swt.PartRenderingEngine.safeCreateGui(PartRenderingEngine.java:757)
	at org.eclipse.e4.ui.internal.workbench.swt.PartRenderingEngine.access$0(PartRenderingEngine.java:728)
	at org.eclipse.e4.ui.internal.workbench.swt.PartRenderingEngine$2.run(PartRenderingEngine.java:722)
	at org.eclipse.core.runtime.SafeRunner.run(SafeRunner.java:42)
	at org.eclipse.e4.ui.internal.workbench.swt.PartRenderingEngine.createGui(PartRenderingEngine.java:706)
	at org.eclipse.e4.ui.workbench.renderers.swt.SWTPartRenderer.processContents(SWTPartRenderer.java:70)
	at org.eclipse.e4.ui.workbench.renderers.swt.SashRenderer.processContents(SashRenderer.java:142)
	at org.eclipse.e4.ui.internal.workbench.swt.PartRenderingEngine.safeCreateGui(PartRenderingEngine.java:665)
	at org.eclipse.e4.ui.internal.workbench.swt.PartRenderingEngine.safeCreateGui(PartRenderingEngine.java:757)
	at org.eclipse.e4.ui.internal.workbench.swt.PartRenderingEngine.access$0(PartRenderingEngine.java:728)
	at org.eclipse.e4.ui.internal.workbench.swt.PartRenderingEngine$2.run(PartRenderingEngine.java:722)
	at org.eclipse.core.runtime.SafeRunner.run(SafeRunner.java:42)
	at org.eclipse.e4.ui.internal.workbench.swt.PartRenderingEngine.createGui(PartRenderingEngine.java:706)
	at org.eclipse.e4.ui.workbench.renderers.swt.SWTPartRenderer.processContents(SWTPartRenderer.java:70)
	at org.eclipse.e4.ui.workbench.renderers.swt.PerspectiveRenderer.processContents(PerspectiveRenderer.java:49)
	at org.eclipse.e4.ui.internal.workbench.swt.PartRenderingEngine.safeCreateGui(PartRenderingEngine.java:665)
	at org.eclipse.e4.ui.internal.workbench.swt.PartRenderingEngine.safeCreateGui(PartRenderingEngine.java:757)
	at org.eclipse.e4.ui.internal.workbench.swt.PartRenderingEngine.access$0(PartRenderingEngine.java:728)
	at org.eclipse.e4.ui.internal.workbench.swt.PartRenderingEngine$2.run(PartRenderingEngine.java:722)
	at org.eclipse.core.runtime.SafeRunner.run(SafeRunner.java:42)
	at org.eclipse.e4.ui.internal.workbench.swt.PartRenderingEngine.createGui(PartRenderingEngine.java:706)
	at org.eclipse.e4.ui.workbench.renderers.swt.PerspectiveStackRenderer.showTab(PerspectiveStackRenderer.java:82)
	at org.eclipse.e4.ui.workbench.renderers.swt.LazyStackRenderer.postProcess(LazyStackRenderer.java:103)
	at org.eclipse.e4.ui.workbench.renderers.swt.PerspectiveStackRenderer.postProcess(PerspectiveStackRenderer.java:63)
	at org.eclipse.e4.ui.internal.workbench.swt.PartRenderingEngine.safeCreateGui(PartRenderingEngine.java:669)
	at org.eclipse.e4.ui.internal.workbench.swt.PartRenderingEngine.safeCreateGui(PartRenderingEngine.java:757)
	at org.eclipse.e4.ui.internal.workbench.swt.PartRenderingEngine.access$0(PartRenderingEngine.java:728)
	at org.eclipse.e4.ui.internal.workbench.swt.PartRenderingEngine$2.run(PartRenderingEngine.java:722)
	at org.eclipse.core.runtime.SafeRunner.run(SafeRunner.java:42)
	at org.eclipse.e4.ui.internal.workbench.swt.PartRenderingEngine.createGui(PartRenderingEngine.java:706)
	at org.eclipse.e4.ui.workbench.renderers.swt.SWTPartRenderer.processContents(SWTPartRenderer.java:70)
	at org.eclipse.e4.ui.workbench.renderers.swt.SashRenderer.processContents(SashRenderer.java:142)
	at org.eclipse.e4.ui.internal.workbench.swt.PartRenderingEngine.safeCreateGui(PartRenderingEngine.java:665)
	at org.eclipse.e4.ui.internal.workbench.swt.PartRenderingEngine.safeCreateGui(PartRenderingEngine.java:757)
	at org.eclipse.e4.ui.internal.workbench.swt.PartRenderingEngine.access$0(PartRenderingEngine.java:728)
	at org.eclipse.e4.ui.internal.workbench.swt.PartRenderingEngine$2.run(PartRenderingEngine.java:722)
	at org.eclipse.core.runtime.SafeRunner.run(SafeRunner.java:42)
	at org.eclipse.e4.ui.internal.workbench.swt.PartRenderingEngine.createGui(PartRenderingEngine.java:706)
	at org.eclipse.e4.ui.workbench.renderers.swt.SWTPartRenderer.processContents(SWTPartRenderer.java:70)
	at org.eclipse.e4.ui.workbench.renderers.swt.WBWRenderer.processContents(WBWRenderer.java:725)
	at org.eclipse.e4.ui.internal.workbench.swt.PartRenderingEngine.safeCreateGui(PartRenderingEngine.java:665)
	at org.eclipse.e4.ui.internal.workbench.swt.PartRenderingEngine.safeCreateGui(PartRenderingEngine.java:757)
	at org.eclipse.e4.ui.internal.workbench.swt.PartRenderingEngine.access$0(PartRenderingEngine.java:728)
	at org.eclipse.e4.ui.internal.workbench.swt.PartRenderingEngine$2.run(PartRenderingEngine.java:722)
	at org.eclipse.core.runtime.SafeRunner.run(SafeRunner.java:42)
	at org.eclipse.e4.ui.internal.workbench.swt.PartRenderingEngine.createGui(PartRenderingEngine.java:706)
	at org.eclipse.e4.ui.internal.workbench.swt.PartRenderingEngine$4.run(PartRenderingEngine.java:1059)
	at org.eclipse.core.databinding.observable.Realm.runWithDefault(Realm.java:336)
	at org.eclipse.e4.ui.internal.workbench.swt.PartRenderingEngine.run(PartRenderingEngine.java:1022)
	at org.eclipse.e4.ui.internal.workbench.E4Workbench.createAndRunUI(E4Workbench.java:150)
	at org.eclipse.ui.internal.Workbench$5.run(Workbench.java:687)
	at org.eclipse.core.databinding.observable.Realm.runWithDefault(Realm.java:336)
	at org.eclipse.ui.internal.Workbench.createAndRunWorkbench(Workbench.java:604)
	at org.eclipse.ui.PlatformUI.createAndRunWorkbench(PlatformUI.java:148)
	at org.eclipse.ui.internal.ide.application.IDEApplication.start(IDEApplication.java:138)
	at org.eclipse.equinox.internal.app.EclipseAppHandle.run(EclipseAppHandle.java:196)
	at org.eclipse.core.runtime.internal.adaptor.EclipseAppLauncher.runApplication(EclipseAppLauncher.java:134)
	at org.eclipse.core.runtime.internal.adaptor.EclipseAppLauncher.start(EclipseAppLauncher.java:104)
	at org.eclipse.core.runtime.adaptor.EclipseStarter.run(EclipseStarter.java:388)
	at org.eclipse.core.runtime.adaptor.EclipseStarter.run(EclipseStarter.java:243)
	at sun.reflect.NativeMethodAccessorImpl.invoke0(Native Method)
	at sun.reflect.NativeMethodAccessorImpl.invoke(Unknown Source)
	at sun.reflect.DelegatingMethodAccessorImpl.invoke(Unknown Source)
	at java.lang.reflect.Method.invoke(Unknown Source)
	at org.eclipse.equinox.launcher.Main.invokeFramework(Main.java:673)
	at org.eclipse.equinox.launcher.Main.basicRun(Main.java:610)
	at org.eclipse.equinox.launcher.Main.run(Main.java:1519)
Caused by: com.cedarsoftware.util.io.JsonIoException: EOF reached prematurely
	at com.cedarsoftware.util.io.JsonParser.error(JsonParser.java:584)
	at com.cedarsoftware.util.io.JsonParser.readValue(JsonParser.java:278)
	at com.cedarsoftware.util.io.JsonReader.readObject(JsonReader.java:521)
	... 159 more
2016-12-24 17:18:05,749 ERROR [Worker-4] - System.err - log4j:WARN No appenders could be found for logger (org.springsource.ide.eclipse.commons.core.templates.TemplateProcessor).
2016-12-24 17:18:05,750 ERROR [Worker-4] - System.err - log4j:WARN Please initialize the log4j system properly.
